<?xml version="1.0" encoding="UTF-8"?>
<robot generator="Robot 4.1.1 (Python 3.9.7 on win32)" generated="20211003 23:40:37.643" rpa="false" schemaversion="2">
<suite id="s1" name="Test" source="D:\RobotFramework\RobotTraining-master\testcases\test.robot">
<kw name="Begin Web Test" library="common" type="SETUP">
<kw name="Open Browser" library="SeleniumLibrary">
<arg>${URL_WEB}</arg>
<arg>${BROWSER}</arg>
<doc>Opens a new browser instance to the optional ``url``.</doc>
<msg timestamp="20211003 23:40:37.956" level="INFO">Opening browser 'chrome' to base url 'https://www.central.co.th/en'.</msg>
<status status="PASS" starttime="20211003 23:40:37.955" endtime="20211003 23:40:55.938"/>
</kw>
<status status="PASS" starttime="20211003 23:40:37.955" endtime="20211003 23:40:55.939"/>
</kw>
<test id="s1-t1" name="TC_1: Practice 1">
<kw name="Check the log in successful">
<kw name="Verify the user is not loged in" library="header_page">
<kw name="Wait Until Page Contains" library="SeleniumLibrary">
<arg>${LOGIN_TEXT}</arg>
<arg>timeout=${TIME_OUT}</arg>
<doc>Waits until ``text`` appears on the current page.</doc>
<status status="PASS" starttime="20211003 23:40:55.942" endtime="20211003 23:40:56.113"/>
</kw>
<status status="PASS" starttime="20211003 23:40:55.941" endtime="20211003 23:40:56.113"/>
</kw>
<kw name="Log in user" library="header_page">
<kw name="Wait Until Element Is Visible" library="SeleniumLibrary">
<arg>${HEADER_LOGIN_BUTTON}</arg>
<arg>timeout=${TIME_OUT}</arg>
<doc>Waits until the element ``locator`` is visible.</doc>
<status status="PASS" starttime="20211003 23:40:56.114" endtime="20211003 23:40:56.198"/>
</kw>
<kw name="Click Element" library="SeleniumLibrary">
<arg>${HEADER_LOGIN_BUTTON}</arg>
<doc>Click the element identified by ``locator``.</doc>
<msg timestamp="20211003 23:40:56.199" level="INFO">Clicking element 'css=div#login-button'.</msg>
<status status="PASS" starttime="20211003 23:40:56.198" endtime="20211003 23:40:56.521"/>
</kw>
<kw name="Input Text" library="SeleniumLibrary">
<arg>${HEADER_INPUT_EMAIL}</arg>
<arg>${USER_NAME}</arg>
<doc>Types the given ``text`` into the text field identified by ``locator``.</doc>
<msg timestamp="20211003 23:40:56.522" level="INFO">Typing text 'loannt1@smartosc.com' into text field 'css=input#customerEmail'.</msg>
<status status="PASS" starttime="20211003 23:40:56.522" endtime="20211003 23:40:57.906"/>
</kw>
<kw name="Input Text" library="SeleniumLibrary">
<arg>${HEADER_INPUT_PASS}</arg>
<arg>${USER_PASS}</arg>
<doc>Types the given ``text`` into the text field identified by ``locator``.</doc>
<msg timestamp="20211003 23:40:57.907" level="INFO">Typing text 'Loan08011998' into text field 'css=input#customerPassword'.</msg>
<status status="PASS" starttime="20211003 23:40:57.906" endtime="20211003 23:40:58.225"/>
</kw>
<kw name="Click Element" library="SeleniumLibrary">
<arg>${HEADER_SUBMIT_BUTTON}</arg>
<doc>Click the element identified by ``locator``.</doc>
<msg timestamp="20211003 23:40:58.226" level="INFO">Clicking element 'css=button.submitButton'.</msg>
<status status="PASS" starttime="20211003 23:40:58.225" endtime="20211003 23:40:58.442"/>
</kw>
<status status="PASS" starttime="20211003 23:40:56.113" endtime="20211003 23:40:58.443"/>
</kw>
<kw name="Verify log in successful" library="header_page">
<kw name="Wait Until Page Contains" library="SeleniumLibrary">
<arg>${HI_TEXT}</arg>
<arg>timeout=${TIME_OUT}</arg>
<doc>Waits until ``text`` appears on the current page.</doc>
<status status="PASS" starttime="20211003 23:40:58.443" endtime="20211003 23:41:02.558"/>
</kw>
<status status="PASS" starttime="20211003 23:40:58.443" endtime="20211003 23:41:02.558"/>
</kw>
<status status="PASS" starttime="20211003 23:40:55.940" endtime="20211003 23:41:02.558"/>
</kw>
<kw name="Check the search successful">
<kw name="Search for items" library="header_page">
<kw name="Input Text" library="SeleniumLibrary">
<arg>${HEADER_INPUT_SEARCH}</arg>
<arg>${SEARCH_TEXT}</arg>
<doc>Types the given ``text`` into the text field identified by ``locator``.</doc>
<msg timestamp="20211003 23:41:02.560" level="INFO">Typing text 'LIP' into text field 'xpath=//div[@class="_14IZ-"]//input[@type ="search"]'.</msg>
<status status="PASS" starttime="20211003 23:41:02.560" endtime="20211003 23:41:08.729"/>
</kw>
<kw name="Sleep" library="BuiltIn">
<arg>${TIME_SLEEP}</arg>
<doc>Pauses the test executed for the given time.</doc>
<msg timestamp="20211003 23:41:18.738" level="INFO">Slept 10 seconds</msg>
<status status="PASS" starttime="20211003 23:41:08.730" endtime="20211003 23:41:18.738"/>
</kw>
<kw name="Press Keys" library="SeleniumLibrary">
<arg>${HEADER_SEARCH}</arg>
<arg>RETURN</arg>
<doc>Simulates the user pressing key(s) to an element or on the active browser.</doc>
<msg timestamp="20211003 23:41:18.739" level="INFO">Sending key(s) ('RETURN',) to xpath=(//*[@type="search"])[1] element.</msg>
<msg timestamp="20211003 23:41:19.229" level="INFO">Pressing special key RETURN to element.</msg>
<msg timestamp="20211003 23:41:19.229" level="INFO">Releasing special key RETURN.</msg>
<status status="PASS" starttime="20211003 23:41:18.738" endtime="20211003 23:41:19.313"/>
</kw>
<status status="PASS" starttime="20211003 23:41:02.559" endtime="20211003 23:41:19.313"/>
</kw>
<kw name="Verify Search page visible" library="search_page">
<kw name="Wait Until Page Contains" library="SeleniumLibrary">
<arg>${SEARCH_RESULTS}</arg>
<arg>timeout=${TIME_OUT}</arg>
<doc>Waits until ``text`` appears on the current page.</doc>
<status status="PASS" starttime="20211003 23:41:19.314" endtime="20211003 23:41:20.389"/>
</kw>
<kw name="Sleep" library="BuiltIn">
<arg>${TIME_SLEEP}</arg>
<doc>Pauses the test executed for the given time.</doc>
<msg timestamp="20211003 23:41:30.392" level="INFO">Slept 10 seconds</msg>
<status status="PASS" starttime="20211003 23:41:20.390" endtime="20211003 23:41:30.392"/>
</kw>
<status status="PASS" starttime="20211003 23:41:19.314" endtime="20211003 23:41:30.394"/>
</kw>
<status status="PASS" starttime="20211003 23:41:02.559" endtime="20211003 23:41:30.395"/>
</kw>
<kw name="Filter by delivery method">
<kw name="Select the delivery method" library="search_page">
<kw name="Click Element" library="SeleniumLibrary">
<arg>${SEARCH_PAGE_DELIVERY_CHECK_BOX}</arg>
<doc>Click the element identified by ``locator``.</doc>
<msg timestamp="20211003 23:41:30.408" level="INFO">Clicking element '//*[contains(@data-testid, "delivery_method")]'.</msg>
<status status="PASS" starttime="20211003 23:41:30.407" endtime="20211003 23:41:30.824"/>
</kw>
<status status="PASS" starttime="20211003 23:41:30.406" endtime="20211003 23:41:30.825"/>
</kw>
<kw name="Select the item of delivery method by item name" library="search_page">
<arg>${DELIVERY_METHOD_LIST.standard_delivery}</arg>
<kw name="Click Element" library="SeleniumLibrary">
<arg>${locator_item}</arg>
<doc>Click the element identified by ``locator``.</doc>
<msg timestamp="20211003 23:41:30.828" level="INFO">Clicking element '//*[@data-testid="Delivery Method_Standard Delivery"]'.</msg>
<status status="PASS" starttime="20211003 23:41:30.827" endtime="20211003 23:41:31.324"/>
</kw>
<kw name="Sleep" library="BuiltIn">
<arg>${TIME_SLEEP}</arg>
<doc>Pauses the test executed for the given time.</doc>
<msg timestamp="20211003 23:41:41.331" level="INFO">Slept 10 seconds</msg>
<status status="PASS" starttime="20211003 23:41:31.325" endtime="20211003 23:41:41.331"/>
</kw>
<status status="PASS" starttime="20211003 23:41:30.825" endtime="20211003 23:41:41.331"/>
</kw>
<status status="PASS" starttime="20211003 23:41:30.405" endtime="20211003 23:41:41.331"/>
</kw>
<kw name="Click first product in list">
<kw name="Select first product in list" library="search_page">
<kw name="Click Element" library="SeleniumLibrary">
<arg>${SEARCH_PAGE_ITEM_0}</arg>
<doc>Click the element identified by ``locator``.</doc>
<msg timestamp="20211003 23:41:41.335" level="INFO">Clicking element '//div[@data-index="0"]/div/div'.</msg>
<status status="PASS" starttime="20211003 23:41:41.334" endtime="20211003 23:41:41.466"/>
</kw>
<kw name="Sleep" library="BuiltIn">
<arg>${TIME_SLEEP}</arg>
<doc>Pauses the test executed for the given time.</doc>
<msg timestamp="20211003 23:41:51.476" level="INFO">Slept 10 seconds</msg>
<status status="PASS" starttime="20211003 23:41:41.466" endtime="20211003 23:41:51.476"/>
</kw>
<status status="PASS" starttime="20211003 23:41:41.333" endtime="20211003 23:41:51.476"/>
</kw>
<status status="PASS" starttime="20211003 23:41:41.332" endtime="20211003 23:41:51.476"/>
</kw>
<status status="PASS" starttime="20211003 23:40:55.939" endtime="20211003 23:41:51.477"/>
</test>
<kw name="End Web Test" library="common" type="TEARDOWN">
<kw name="Close Browser" library="SeleniumLibrary">
<doc>Closes the current browser.</doc>
<status status="PASS" starttime="20211003 23:41:51.480" endtime="20211003 23:41:53.577"/>
</kw>
<status status="PASS" starttime="20211003 23:41:51.479" endtime="20211003 23:41:53.577"/>
</kw>
<doc>This is a example testing</doc>
<status status="PASS" starttime="20211003 23:40:37.645" endtime="20211003 23:41:53.577"/>
</suite>
<statistics>
<total>
<stat pass="1" fail="0" skip="0">All Tests</stat>
</total>
<tag>
</tag>
<suite>
<stat pass="1" fail="0" skip="0" id="s1" name="Test">Test</stat>
</suite>
</statistics>
<errors>
</errors>
</robot>
