<?xml version="1.0" encoding="UTF-8"?>
<robot generator="Robot 4.1 (Python 3.9.7 on win32)" generated="20211004 15:31:41.757" rpa="false" schemaversion="2">
<suite id="s1" name="Test" source="C:\Project\Robot_Training\POM_sample\testcases\test.robot">
<kw name="Begin Web Test" library="common" type="SETUP">
<kw name="Open Browser" library="SeleniumLibrary">
<arg>${URL_WEB}</arg>
<arg>${BROWSER}</arg>
<doc>Opens a new browser instance to the optional ``url``.</doc>
<msg timestamp="20211004 15:31:41.937" level="INFO">Opening browser 'chrome' to base url 'https://uat.central.co.th/th'.</msg>
<status status="PASS" starttime="20211004 15:31:41.936" endtime="20211004 15:31:50.135"/>
</kw>
<status status="PASS" starttime="20211004 15:31:41.936" endtime="20211004 15:31:50.135"/>
</kw>
<test id="s1-t1" name="TC_1: Practice 1">
<kw name="Check the log in successful">
<kw name="Verify the user is not loged in" library="header_page">
<kw name="Wait Until Page Contains" library="SeleniumLibrary">
<arg>${header_page_translation.login_text}</arg>
<arg>timeout=${TIME_OUT}</arg>
<doc>Waits until ``text`` appears on the current page.</doc>
<status status="PASS" starttime="20211004 15:31:50.140" endtime="20211004 15:31:50.240"/>
</kw>
<status status="PASS" starttime="20211004 15:31:50.139" endtime="20211004 15:31:50.240"/>
</kw>
<kw name="Log in user" library="header_page">
<kw name="Wait until element is visible" library="common">
<arg>${HEADER_LOGIN_BUTTON}</arg>
<arg>timeout=${TIME_OUT}</arg>
<kw name="Wait Until Element Is Visible" library="SeleniumLibrary">
<arg>${locator}</arg>
<arg>${timeout}</arg>
<doc>Waits until the element ``locator`` is visible.</doc>
<status status="PASS" starttime="20211004 15:31:50.242" endtime="20211004 15:31:50.328"/>
</kw>
<status status="PASS" starttime="20211004 15:31:50.241" endtime="20211004 15:31:50.328"/>
</kw>
<kw name="Click Element" library="SeleniumLibrary">
<arg>${LOCATOR_POPUP_BUTTON}</arg>
<doc>Click the element identified by ``locator``.</doc>
<msg timestamp="20211004 15:31:50.329" level="INFO">Clicking element 'xpath=(//*[@id="btn-popup-close"])[1]'.</msg>
<status status="PASS" starttime="20211004 15:31:50.328" endtime="20211004 15:31:50.415"/>
</kw>
<kw name="Click Element" library="SeleniumLibrary">
<arg>${HEADER_LOGIN_BUTTON}</arg>
<doc>Click the element identified by ``locator``.</doc>
<msg timestamp="20211004 15:31:50.415" level="INFO">Clicking element 'css=div#login-button&gt;div&gt;a'.</msg>
<status status="PASS" starttime="20211004 15:31:50.415" endtime="20211004 15:31:50.583"/>
</kw>
<kw name="Input Text" library="SeleniumLibrary">
<arg>${HEADER_INPUT_EMAIL}</arg>
<arg>${USER_NAME}</arg>
<doc>Types the given ``text`` into the text field identified by ``locator``.</doc>
<msg timestamp="20211004 15:31:50.584" level="INFO">Typing text 'loannt1@smartosc.com' into text field 'css=input#customerEmail'.</msg>
<status status="PASS" starttime="20211004 15:31:50.584" endtime="20211004 15:31:50.907"/>
</kw>
<kw name="Input Text" library="SeleniumLibrary">
<arg>${HEADER_INPUT_PASS}</arg>
<arg>${USER_PASS}</arg>
<doc>Types the given ``text`` into the text field identified by ``locator``.</doc>
<msg timestamp="20211004 15:31:50.908" level="INFO">Typing text 'Loan08011998' into text field 'css=input#customerPassword'.</msg>
<status status="PASS" starttime="20211004 15:31:50.907" endtime="20211004 15:31:52.243"/>
</kw>
<kw name="Click Element" library="SeleniumLibrary">
<arg>${HEADER_SUBMIT_BUTTON}</arg>
<doc>Click the element identified by ``locator``.</doc>
<msg timestamp="20211004 15:31:52.244" level="INFO">Clicking element 'css=button.submitButton'.</msg>
<status status="PASS" starttime="20211004 15:31:52.243" endtime="20211004 15:31:52.716"/>
</kw>
<status status="PASS" starttime="20211004 15:31:50.240" endtime="20211004 15:31:52.716"/>
</kw>
<kw name="Verify log in successful" library="header_page">
<kw name="Wait Until Page Contains" library="SeleniumLibrary">
<arg>${header_page_translation.hi_text}</arg>
<arg>timeout=${TIME_OUT}</arg>
<doc>Waits until ``text`` appears on the current page.</doc>
<status status="PASS" starttime="20211004 15:31:52.717" endtime="20211004 15:31:57.073"/>
</kw>
<status status="PASS" starttime="20211004 15:31:52.716" endtime="20211004 15:31:57.074"/>
</kw>
<status status="PASS" starttime="20211004 15:31:50.138" endtime="20211004 15:31:57.074"/>
</kw>
<kw name="Check the search successful">
<kw name="Search for items" library="header_page">
<kw name="Input Text" library="SeleniumLibrary">
<arg>${HEADER_INPUT_SEARCH}</arg>
<arg>${SEARCH_TEXT}</arg>
<doc>Types the given ``text`` into the text field identified by ``locator``.</doc>
<msg timestamp="20211004 15:31:57.077" level="INFO">Typing text 'LIP' into text field 'xpath=//div[@class="_14IZ-"]//input[@type ="search"]'.</msg>
<status status="PASS" starttime="20211004 15:31:57.076" endtime="20211004 15:31:57.370"/>
</kw>
<kw name="Sleep" library="BuiltIn">
<arg>${TIME_SLEEP}</arg>
<doc>Pauses the test executed for the given time.</doc>
<msg timestamp="20211004 15:32:05.385" level="INFO">Slept 8 seconds</msg>
<status status="PASS" starttime="20211004 15:31:57.370" endtime="20211004 15:32:05.385"/>
</kw>
<kw name="Press Keys" library="SeleniumLibrary">
<arg>${HEADER_SEARCH}</arg>
<arg>RETURN</arg>
<doc>Simulates the user pressing key(s) to an element or on the active browser.</doc>
<msg timestamp="20211004 15:32:05.387" level="INFO">Sending key(s) ('RETURN',) to xpath=(//*[@type="search"])[1] element.</msg>
<msg timestamp="20211004 15:32:05.806" level="INFO">Pressing special key RETURN to element.</msg>
<msg timestamp="20211004 15:32:05.806" level="INFO">Releasing special key RETURN.</msg>
<status status="PASS" starttime="20211004 15:32:05.386" endtime="20211004 15:32:05.902"/>
</kw>
<status status="PASS" starttime="20211004 15:31:57.076" endtime="20211004 15:32:05.902"/>
</kw>
<kw name="Verify Search page visible" library="search_page">
<kw name="Wait Until Page Contains" library="SeleniumLibrary">
<arg>${search_page_translation.search_results_text}</arg>
<arg>timeout=${TIME_OUT}</arg>
<doc>Waits until ``text`` appears on the current page.</doc>
<status status="PASS" starttime="20211004 15:32:05.903" endtime="20211004 15:32:06.340"/>
</kw>
<kw name="Sleep" library="BuiltIn">
<arg>${TIME_SLEEP}</arg>
<doc>Pauses the test executed for the given time.</doc>
<msg timestamp="20211004 15:32:14.351" level="INFO">Slept 8 seconds</msg>
<status status="PASS" starttime="20211004 15:32:06.340" endtime="20211004 15:32:14.351"/>
</kw>
<status status="PASS" starttime="20211004 15:32:05.902" endtime="20211004 15:32:14.351"/>
</kw>
<status status="PASS" starttime="20211004 15:31:57.075" endtime="20211004 15:32:14.351"/>
</kw>
<kw name="Filter by delivery method">
<kw name="Select the delivery method" library="search_page">
<kw name="Click Element" library="SeleniumLibrary">
<arg>${SEARCH_PAGE_DELIVERY_CHECK_BOX}</arg>
<doc>Click the element identified by ``locator``.</doc>
<msg timestamp="20211004 15:32:14.354" level="INFO">Clicking element '//*[contains(@data-testid, "delivery_method")]'.</msg>
<status status="PASS" starttime="20211004 15:32:14.353" endtime="20211004 15:32:14.452"/>
</kw>
<status status="PASS" starttime="20211004 15:32:14.353" endtime="20211004 15:32:14.452"/>
</kw>
<kw name="Select the item of delivery method" library="search_page">
<arg>${delivery_method_dictionary.standard_pickup}</arg>
<kw name="Format String" library="String">
<var>${locator}</var>
<arg>${delivery_method_locator}</arg>
<arg>delivery_method=${delivery_method_arg}</arg>
<doc>Formats a ``template`` using the given ``positional`` and ``named`` arguments.</doc>
<msg timestamp="20211004 15:32:14.454" level="INFO">${locator} = xpath=//*[@data-testid="วิธีการจัดส่ง_จัดส่งปกติ"]</msg>
<status status="PASS" starttime="20211004 15:32:14.453" endtime="20211004 15:32:14.454"/>
</kw>
<kw name="Click Element" library="SeleniumLibrary">
<arg>${locator}</arg>
<doc>Click the element identified by ``locator``.</doc>
<msg timestamp="20211004 15:32:14.454" level="INFO">Clicking element 'xpath=//*[@data-testid="วิธีการจัดส่ง_จัดส่งปกติ"]'.</msg>
<status status="PASS" starttime="20211004 15:32:14.454" endtime="20211004 15:32:14.616"/>
</kw>
<kw name="Sleep" library="BuiltIn">
<arg>${TIME_SLEEP}</arg>
<doc>Pauses the test executed for the given time.</doc>
<msg timestamp="20211004 15:32:22.632" level="INFO">Slept 8 seconds</msg>
<status status="PASS" starttime="20211004 15:32:14.616" endtime="20211004 15:32:22.632"/>
</kw>
<status status="PASS" starttime="20211004 15:32:14.452" endtime="20211004 15:32:22.633"/>
</kw>
<status status="PASS" starttime="20211004 15:32:14.352" endtime="20211004 15:32:22.633"/>
</kw>
<kw name="Click first product in list">
<kw name="Select first product in list" library="search_page">
<kw name="Click Element" library="SeleniumLibrary">
<arg>${SEARCH_PAGE_ITEM_0}</arg>
<doc>Click the element identified by ``locator``.</doc>
<msg timestamp="20211004 15:32:22.639" level="INFO">Clicking element '//div[@data-index="0"]//a[contains(@id,"lnk-viewProduct")]'.</msg>
<status status="PASS" starttime="20211004 15:32:22.637" endtime="20211004 15:32:22.873"/>
</kw>
<kw name="Sleep" library="BuiltIn">
<arg>${TIME_SLEEP}</arg>
<doc>Pauses the test executed for the given time.</doc>
<msg timestamp="20211004 15:32:30.880" level="INFO">Slept 8 seconds</msg>
<status status="PASS" starttime="20211004 15:32:22.873" endtime="20211004 15:32:30.880"/>
</kw>
<status status="PASS" starttime="20211004 15:32:22.636" endtime="20211004 15:32:30.881"/>
</kw>
<status status="PASS" starttime="20211004 15:32:22.634" endtime="20211004 15:32:30.881"/>
</kw>
<kw name="Click the add to cart button">
<kw name="Click the add to cart button" library="item_page">
<kw name="Click Element" library="SeleniumLibrary">
<arg>${ITEM_PAGE_ADD_CART_BUTTON}</arg>
<doc>Click the element identified by ``locator``.</doc>
<msg timestamp="20211004 15:32:30.886" level="INFO">Clicking element 'xpath=//*[contains(@id, "btn-addCart")]'.</msg>
<status status="PASS" starttime="20211004 15:32:30.885" endtime="20211004 15:32:31.018"/>
</kw>
<kw name="Sleep" library="BuiltIn">
<arg>${TIME_SLEEP}</arg>
<doc>Pauses the test executed for the given time.</doc>
<msg timestamp="20211004 15:32:39.023" level="INFO">Slept 8 seconds</msg>
<status status="PASS" starttime="20211004 15:32:31.019" endtime="20211004 15:32:39.023"/>
</kw>
<status status="PASS" starttime="20211004 15:32:30.884" endtime="20211004 15:32:39.024"/>
</kw>
<status status="PASS" starttime="20211004 15:32:30.882" endtime="20211004 15:32:39.024"/>
</kw>
<status status="PASS" starttime="20211004 15:31:50.135" endtime="20211004 15:32:39.027"/>
</test>
<kw name="End Web Test" library="common" type="TEARDOWN">
<kw name="Close Browser" library="SeleniumLibrary">
<doc>Closes the current browser.</doc>
<status status="PASS" starttime="20211004 15:32:39.036" endtime="20211004 15:32:41.308"/>
</kw>
<status status="PASS" starttime="20211004 15:32:39.034" endtime="20211004 15:32:41.309"/>
</kw>
<doc>This is a example testing</doc>
<status status="PASS" starttime="20211004 15:31:41.758" endtime="20211004 15:32:41.309"/>
</suite>
<statistics>
<total>
<stat pass="1" fail="0" skip="0">All Tests</stat>
</total>
<tag>
</tag>
<suite>
<stat pass="1" fail="0" skip="0" id="s1" name="Test">Test</stat>
</suite>
</statistics>
<errors>
</errors>
</robot>
